10/Oct/2015 15:00:40,785- ServletContextParameterMap: Karma home: /home/ted/karma/
10/Oct/2015 15:00:40,788- KarmaUserMetadata: Set parameter: USER_PREFERENCES_DIRECTORY -> /home/ted/karma/user-preferences/
10/Oct/2015 15:00:40,789- KarmaUserMetadata: Set parameter: USER_CONFIG_DIRECTORY -> /home/ted/karma/config/
10/Oct/2015 15:00:40,789- KarmaUserMetadata: Set parameter: USER_PYTHON_SCRIPTS_DIRECTORY -> /home/ted/karma/python/
10/Oct/2015 15:00:45,459- ModelingConfiguration: Load modeling.properties: /home/ted/karma/config/modeling.properties:true
10/Oct/2015 15:00:46,014- VIVOSync: Processing: people with debug set to false
10/Oct/2015 15:00:46,026- ServletContextParameterMap: Karma home: /home/ted/karma/
10/Oct/2015 15:00:46,619- Reflections: Reflections took 486 ms to scan 1 urls, producing 102 keys and 768 values 
10/Oct/2015 15:00:46,673- ExecutionController: Loaded 98 possible commands
10/Oct/2015 15:00:46,928- UIConfiguration: UICOnfiguration:/home/ted/karma/config/
10/Oct/2015 15:00:46,928- UIConfiguration: Load File:/home/ted/karma/config//ui.properties
10/Oct/2015 15:00:46,928- UIConfiguration: UICOnfiguration:/home/ted/karma/config/
10/Oct/2015 15:00:46,928- UIConfiguration: Load File:/home/ted/karma/config//ui.properties
10/Oct/2015 15:00:47,134- VIVOSync: Reading Karma generated RDF into Jena model.
10/Oct/2015 15:00:47,541- VIVOSPARQLClient: Add and subtract graphs are empty. No changes made to http://localhost/converis/people.
10/Oct/2015 15:00:47,541- VIVOSync: Triples synced for: people
10/Oct/2015 15:01:16,377- ServletContextParameterMap: Karma home: /home/ted/karma/
10/Oct/2015 15:01:16,380- KarmaUserMetadata: Set parameter: USER_PREFERENCES_DIRECTORY -> /home/ted/karma/user-preferences/
10/Oct/2015 15:01:16,381- KarmaUserMetadata: Set parameter: USER_CONFIG_DIRECTORY -> /home/ted/karma/config/
10/Oct/2015 15:01:16,382- KarmaUserMetadata: Set parameter: USER_PYTHON_SCRIPTS_DIRECTORY -> /home/ted/karma/python/
10/Oct/2015 15:01:21,075- ModelingConfiguration: Load modeling.properties: /home/ted/karma/config/modeling.properties:true
10/Oct/2015 15:01:21,731- VIVOSync: Processing: people with debug set to false
10/Oct/2015 15:01:21,744- ServletContextParameterMap: Karma home: /home/ted/karma/
10/Oct/2015 15:01:22,347- Reflections: Reflections took 495 ms to scan 1 urls, producing 102 keys and 768 values 
10/Oct/2015 15:01:22,439- ExecutionController: Loaded 98 possible commands
10/Oct/2015 15:01:22,689- UIConfiguration: UICOnfiguration:/home/ted/karma/config/
10/Oct/2015 15:01:22,690- UIConfiguration: Load File:/home/ted/karma/config//ui.properties
10/Oct/2015 15:01:22,690- UIConfiguration: UICOnfiguration:/home/ted/karma/config/
10/Oct/2015 15:01:22,690- UIConfiguration: Load File:/home/ted/karma/config//ui.properties
10/Oct/2015 15:01:22,885- VIVOSync: Reading Karma generated RDF into Jena model.
10/Oct/2015 15:01:23,287- VIVOSPARQLClient: Add and subtract graphs are empty. No changes made to http://localhost/converis/people.
10/Oct/2015 15:01:23,287- VIVOSync: Triples synced for: people
10/Oct/2015 15:03:00,283- ServletContextParameterMap: Karma home: /home/ted/karma/
10/Oct/2015 15:03:04,668- ModelingConfiguration: Load modeling.properties: /home/ted/karma/config/modeling.properties:true
10/Oct/2015 15:03:05,293- VIVOSync: Processing: people with debug set to false
10/Oct/2015 15:03:05,306- ServletContextParameterMap: Karma home: /home/ted/karma/
10/Oct/2015 15:03:05,913- Reflections: Reflections took 499 ms to scan 1 urls, producing 102 keys and 768 values 
10/Oct/2015 15:03:05,981- ExecutionController: Loaded 98 possible commands
10/Oct/2015 15:03:06,220- UIConfiguration: UICOnfiguration:/home/ted/karma/config/
10/Oct/2015 15:03:06,220- UIConfiguration: Load File:/home/ted/karma/config//ui.properties
10/Oct/2015 15:03:06,220- UIConfiguration: UICOnfiguration:/home/ted/karma/config/
10/Oct/2015 15:03:06,220- UIConfiguration: Load File:/home/ted/karma/config//ui.properties
10/Oct/2015 15:03:06,415- VIVOSync: Reading Karma generated RDF into Jena model.
10/Oct/2015 15:03:06,827- VIVOSPARQLClient: Add and subtract graphs are empty. No changes made to http://localhost/converis/people.
10/Oct/2015 15:03:06,827- VIVOSync: Triples synced for: people
10/Oct/2015 15:04:07,724- ServletContextParameterMap: Karma home: /home/ted/karma/
10/Oct/2015 15:04:07,727- KarmaUserMetadata: Set parameter: USER_PREFERENCES_DIRECTORY -> /home/ted/karma/user-preferences/
10/Oct/2015 15:04:07,728- KarmaUserMetadata: Set parameter: USER_CONFIG_DIRECTORY -> /home/ted/karma/config/
10/Oct/2015 15:04:07,728- KarmaUserMetadata: Set parameter: USER_PYTHON_SCRIPTS_DIRECTORY -> /home/ted/karma/python/
10/Oct/2015 15:04:12,278- ModelingConfiguration: Load modeling.properties: /home/ted/karma/config/modeling.properties:true
10/Oct/2015 15:04:12,762- VIVOSync: Processing: people with debug set to false
10/Oct/2015 15:04:12,773- ServletContextParameterMap: Karma home: /home/ted/karma/
10/Oct/2015 15:04:13,388- Reflections: Reflections took 473 ms to scan 1 urls, producing 102 keys and 768 values 
10/Oct/2015 15:04:13,444- ExecutionController: Loaded 98 possible commands
10/Oct/2015 15:04:13,688- UIConfiguration: UICOnfiguration:/home/ted/karma/config/
10/Oct/2015 15:04:13,689- UIConfiguration: Load File:/home/ted/karma/config//ui.properties
10/Oct/2015 15:04:13,689- UIConfiguration: UICOnfiguration:/home/ted/karma/config/
10/Oct/2015 15:04:13,689- UIConfiguration: Load File:/home/ted/karma/config//ui.properties
10/Oct/2015 15:04:13,902- VIVOSync: Reading Karma generated RDF into Jena model.
10/Oct/2015 15:04:14,297- VIVOSPARQLClient: Add and subtract graphs are empty. No changes made to http://localhost/converis/people.
10/Oct/2015 15:04:14,297- VIVOSync: Triples synced for: people
10/Oct/2015 15:04:20,756- ServletContextParameterMap: Karma home: /home/ted/karma/
10/Oct/2015 15:04:20,759- KarmaUserMetadata: Set parameter: USER_PREFERENCES_DIRECTORY -> /home/ted/karma/user-preferences/
10/Oct/2015 15:04:20,760- KarmaUserMetadata: Set parameter: USER_CONFIG_DIRECTORY -> /home/ted/karma/config/
10/Oct/2015 15:04:20,760- KarmaUserMetadata: Set parameter: USER_PYTHON_SCRIPTS_DIRECTORY -> /home/ted/karma/python/
10/Oct/2015 15:04:25,413- ModelingConfiguration: Load modeling.properties: /home/ted/karma/config/modeling.properties:true
10/Oct/2015 15:04:25,413- ModelingConfiguration: Done Loading modeling.properties
10/Oct/2015 15:04:25,980- VIVOSync: Processing: people with debug set to false
10/Oct/2015 15:04:25,992- ServletContextParameterMap: Karma home: /home/ted/karma/
10/Oct/2015 15:04:27,906- Reflections: Reflections took 1748 ms to scan 1 urls, producing 102 keys and 768 values 
10/Oct/2015 15:04:28,008- ExecutionController: Loaded 98 possible commands
10/Oct/2015 15:04:28,201- UIConfiguration: UICOnfiguration:/home/ted/karma/config/
10/Oct/2015 15:04:28,201- UIConfiguration: Load File:/home/ted/karma/config//ui.properties
10/Oct/2015 15:04:28,201- UIConfiguration: UICOnfiguration:/home/ted/karma/config/
10/Oct/2015 15:04:28,202- UIConfiguration: Load File:/home/ted/karma/config//ui.properties
10/Oct/2015 15:04:28,424- VIVOSync: Reading Karma generated RDF into Jena model.
10/Oct/2015 15:04:28,857- VIVOSPARQLClient: Add and subtract graphs are empty. No changes made to http://localhost/converis/people.
10/Oct/2015 15:04:28,857- VIVOSync: Triples synced for: people
10/Oct/2015 15:05:06,436- ServletContextParameterMap: Karma home: /home/ted/karma/
10/Oct/2015 15:05:06,439- KarmaUserMetadata: Set parameter: USER_PREFERENCES_DIRECTORY -> /home/ted/karma/user-preferences/
10/Oct/2015 15:05:06,440- KarmaUserMetadata: Set parameter: USER_CONFIG_DIRECTORY -> /home/ted/karma/config/
10/Oct/2015 15:05:06,440- KarmaUserMetadata: Set parameter: USER_PYTHON_SCRIPTS_DIRECTORY -> /home/ted/karma/python/
10/Oct/2015 15:05:11,089- ModelingConfiguration: Load modeling.properties: /home/ted/karma/config/modeling.properties:true
10/Oct/2015 15:05:11,089- ModelingConfiguration: Done Loading modeling.properties
10/Oct/2015 15:05:11,567- VIVOSync: Processing: people with debug set to false
10/Oct/2015 15:05:11,577- ServletContextParameterMap: Karma home: /home/ted/karma/
10/Oct/2015 15:05:12,202- Reflections: Reflections took 524 ms to scan 1 urls, producing 102 keys and 768 values 
10/Oct/2015 15:05:12,256- ExecutionController: Loaded 98 possible commands
10/Oct/2015 15:05:12,482- UIConfiguration: UICOnfiguration:/home/ted/karma/config/
10/Oct/2015 15:05:12,482- UIConfiguration: Load File:/home/ted/karma/config//ui.properties
10/Oct/2015 15:05:12,483- UIConfiguration: UICOnfiguration:/home/ted/karma/config/
10/Oct/2015 15:05:12,483- UIConfiguration: Load File:/home/ted/karma/config//ui.properties
10/Oct/2015 15:05:12,663- VIVOSync: Reading Karma generated RDF into Jena model.
10/Oct/2015 15:05:13,067- VIVOSPARQLClient: Add and subtract graphs are empty. No changes made to http://localhost/converis/people.
10/Oct/2015 15:05:13,067- VIVOSync: Triples synced for: people
10/Oct/2015 15:10:56,933- ServletContextParameterMap: Karma home: /home/ted/karma/
10/Oct/2015 15:10:56,936- KarmaUserMetadata: Set parameter: USER_PREFERENCES_DIRECTORY -> /home/ted/karma/user-preferences/
10/Oct/2015 15:10:56,937- KarmaUserMetadata: Set parameter: USER_CONFIG_DIRECTORY -> /home/ted/karma/config/
10/Oct/2015 15:10:56,937- KarmaUserMetadata: Set parameter: USER_PYTHON_SCRIPTS_DIRECTORY -> /home/ted/karma/python/
10/Oct/2015 15:11:01,294- ModelingConfiguration: Load modeling.properties: /home/ted/karma/config/modeling.properties:true
10/Oct/2015 15:11:01,294- ModelingConfiguration: Done Loading modeling.properties
10/Oct/2015 15:11:01,819- VIVOSync: Processing: people with debug set to false
10/Oct/2015 15:11:01,834- ServletContextParameterMap: Karma home: /home/ted/karma/
10/Oct/2015 15:11:02,405- Reflections: Reflections took 460 ms to scan 1 urls, producing 102 keys and 768 values 
10/Oct/2015 15:11:02,462- ExecutionController: Loaded 98 possible commands
10/Oct/2015 15:11:02,705- UIConfiguration: UICOnfiguration:/home/ted/karma/config/
10/Oct/2015 15:11:02,706- UIConfiguration: Load File:/home/ted/karma/config//ui.properties
10/Oct/2015 15:11:02,706- UIConfiguration: UICOnfiguration:/home/ted/karma/config/
10/Oct/2015 15:11:02,706- UIConfiguration: Load File:/home/ted/karma/config//ui.properties
10/Oct/2015 15:11:02,916- VIVOSync: Reading Karma generated RDF into Jena model.
10/Oct/2015 15:11:03,391- VIVOSPARQLClient: Add and subtract graphs are empty. No changes made to http://localhost/converis/people.
10/Oct/2015 15:11:03,391- VIVOSync: Triples synced for: people
10/Oct/2015 15:11:03,392- VIVOSync: Processing: orgs with debug set to false
10/Oct/2015 15:11:03,392- ServletContextParameterMap: Karma home: /home/ted/karma/
10/Oct/2015 15:11:03,548- KR2RMLWorksheetRDFGenerator: unable to generate working plan for http://isi.edu/integration/karma/dev#TriplesMap_50a06f48-9e97-4150-9def-6d74ebfc2a97
10/Oct/2015 15:11:03,549- TriplesMapPlanGenerator: No worker plan for http://isi.edu/integration/karma/dev#TriplesMap_50a06f48-9e97-4150-9def-6d74ebfc2a97
10/Oct/2015 15:11:03,549- TriplesMapPlanGenerator: No worker plan for http://isi.edu/integration/karma/dev#TriplesMap_50a06f48-9e97-4150-9def-6d74ebfc2a97
10/Oct/2015 15:11:03,551- TriplesMapPlanGenerator: No worker plan for http://isi.edu/integration/karma/dev#TriplesMap_50a06f48-9e97-4150-9def-6d74ebfc2a97
10/Oct/2015 15:11:03,551- TriplesMapPlanGenerator: No worker plan for http://isi.edu/integration/karma/dev#TriplesMap_50a06f48-9e97-4150-9def-6d74ebfc2a97
10/Oct/2015 15:11:03,553- TriplesMapPlanGenerator: No worker plan for http://isi.edu/integration/karma/dev#TriplesMap_50a06f48-9e97-4150-9def-6d74ebfc2a97
10/Oct/2015 15:11:03,553- TriplesMapPlanGenerator: No worker plan for http://isi.edu/integration/karma/dev#TriplesMap_50a06f48-9e97-4150-9def-6d74ebfc2a97
10/Oct/2015 15:11:03,555- TriplesMapPlanGenerator: No worker plan for http://isi.edu/integration/karma/dev#TriplesMap_50a06f48-9e97-4150-9def-6d74ebfc2a97
10/Oct/2015 15:11:03,555- TriplesMapPlanGenerator: No worker plan for http://isi.edu/integration/karma/dev#TriplesMap_50a06f48-9e97-4150-9def-6d74ebfc2a97
10/Oct/2015 15:11:03,556- TriplesMapPlanGenerator: No worker plan for http://isi.edu/integration/karma/dev#TriplesMap_50a06f48-9e97-4150-9def-6d74ebfc2a97
10/Oct/2015 15:11:03,557- TriplesMapPlanGenerator: No worker plan for http://isi.edu/integration/karma/dev#TriplesMap_50a06f48-9e97-4150-9def-6d74ebfc2a97
10/Oct/2015 15:11:03,558- TriplesMapPlanGenerator: No worker plan for http://isi.edu/integration/karma/dev#TriplesMap_50a06f48-9e97-4150-9def-6d74ebfc2a97
10/Oct/2015 15:11:03,558- TriplesMapPlanGenerator: No worker plan for http://isi.edu/integration/karma/dev#TriplesMap_50a06f48-9e97-4150-9def-6d74ebfc2a97
10/Oct/2015 15:11:03,560- TriplesMapPlanGenerator: No worker plan for http://isi.edu/integration/karma/dev#TriplesMap_50a06f48-9e97-4150-9def-6d74ebfc2a97
10/Oct/2015 15:11:03,560- TriplesMapPlanGenerator: No worker plan for http://isi.edu/integration/karma/dev#TriplesMap_50a06f48-9e97-4150-9def-6d74ebfc2a97
10/Oct/2015 15:11:03,562- TriplesMapPlanGenerator: No worker plan for http://isi.edu/integration/karma/dev#TriplesMap_50a06f48-9e97-4150-9def-6d74ebfc2a97
10/Oct/2015 15:11:03,562- TriplesMapPlanGenerator: No worker plan for http://isi.edu/integration/karma/dev#TriplesMap_50a06f48-9e97-4150-9def-6d74ebfc2a97
10/Oct/2015 15:11:03,564- TriplesMapPlanGenerator: No worker plan for http://isi.edu/integration/karma/dev#TriplesMap_50a06f48-9e97-4150-9def-6d74ebfc2a97
10/Oct/2015 15:11:03,564- TriplesMapPlanGenerator: No worker plan for http://isi.edu/integration/karma/dev#TriplesMap_50a06f48-9e97-4150-9def-6d74ebfc2a97
10/Oct/2015 15:11:03,565- TriplesMapPlanGenerator: No worker plan for http://isi.edu/integration/karma/dev#TriplesMap_50a06f48-9e97-4150-9def-6d74ebfc2a97
10/Oct/2015 15:11:03,566- TriplesMapPlanGenerator: No worker plan for http://isi.edu/integration/karma/dev#TriplesMap_50a06f48-9e97-4150-9def-6d74ebfc2a97
10/Oct/2015 15:11:03,567- TriplesMapPlanGenerator: No worker plan for http://isi.edu/integration/karma/dev#TriplesMap_50a06f48-9e97-4150-9def-6d74ebfc2a97
10/Oct/2015 15:11:03,568- TriplesMapPlanGenerator: No worker plan for http://isi.edu/integration/karma/dev#TriplesMap_50a06f48-9e97-4150-9def-6d74ebfc2a97
10/Oct/2015 15:11:03,569- TriplesMapPlanGenerator: No worker plan for http://isi.edu/integration/karma/dev#TriplesMap_50a06f48-9e97-4150-9def-6d74ebfc2a97
10/Oct/2015 15:11:03,569- TriplesMapPlanGenerator: No worker plan for http://isi.edu/integration/karma/dev#TriplesMap_50a06f48-9e97-4150-9def-6d74ebfc2a97
10/Oct/2015 15:11:03,571- TriplesMapPlanGenerator: No worker plan for http://isi.edu/integration/karma/dev#TriplesMap_50a06f48-9e97-4150-9def-6d74ebfc2a97
10/Oct/2015 15:11:03,572- TriplesMapPlanGenerator: No worker plan for http://isi.edu/integration/karma/dev#TriplesMap_50a06f48-9e97-4150-9def-6d74ebfc2a97
10/Oct/2015 15:11:03,573- TriplesMapPlanGenerator: No worker plan for http://isi.edu/integration/karma/dev#TriplesMap_50a06f48-9e97-4150-9def-6d74ebfc2a97
10/Oct/2015 15:11:03,574- TriplesMapPlanGenerator: No worker plan for http://isi.edu/integration/karma/dev#TriplesMap_50a06f48-9e97-4150-9def-6d74ebfc2a97
10/Oct/2015 15:11:03,575- TriplesMapPlanGenerator: No worker plan for http://isi.edu/integration/karma/dev#TriplesMap_50a06f48-9e97-4150-9def-6d74ebfc2a97
10/Oct/2015 15:11:03,575- TriplesMapPlanGenerator: No worker plan for http://isi.edu/integration/karma/dev#TriplesMap_50a06f48-9e97-4150-9def-6d74ebfc2a97
10/Oct/2015 15:11:03,577- TriplesMapPlanGenerator: No worker plan for http://isi.edu/integration/karma/dev#TriplesMap_50a06f48-9e97-4150-9def-6d74ebfc2a97
10/Oct/2015 15:11:03,577- TriplesMapPlanGenerator: No worker plan for http://isi.edu/integration/karma/dev#TriplesMap_50a06f48-9e97-4150-9def-6d74ebfc2a97
10/Oct/2015 15:11:03,579- TriplesMapPlanGenerator: No worker plan for http://isi.edu/integration/karma/dev#TriplesMap_50a06f48-9e97-4150-9def-6d74ebfc2a97
10/Oct/2015 15:11:03,579- TriplesMapPlanGenerator: No worker plan for http://isi.edu/integration/karma/dev#TriplesMap_50a06f48-9e97-4150-9def-6d74ebfc2a97
10/Oct/2015 15:11:03,581- TriplesMapPlanGenerator: No worker plan for http://isi.edu/integration/karma/dev#TriplesMap_50a06f48-9e97-4150-9def-6d74ebfc2a97
10/Oct/2015 15:11:03,581- TriplesMapPlanGenerator: No worker plan for http://isi.edu/integration/karma/dev#TriplesMap_50a06f48-9e97-4150-9def-6d74ebfc2a97
10/Oct/2015 15:11:03,583- TriplesMapPlanGenerator: No worker plan for http://isi.edu/integration/karma/dev#TriplesMap_50a06f48-9e97-4150-9def-6d74ebfc2a97
10/Oct/2015 15:11:03,583- TriplesMapPlanGenerator: No worker plan for http://isi.edu/integration/karma/dev#TriplesMap_50a06f48-9e97-4150-9def-6d74ebfc2a97
10/Oct/2015 15:11:03,585- TriplesMapPlanGenerator: No worker plan for http://isi.edu/integration/karma/dev#TriplesMap_50a06f48-9e97-4150-9def-6d74ebfc2a97
10/Oct/2015 15:11:03,586- TriplesMapPlanGenerator: No worker plan for http://isi.edu/integration/karma/dev#TriplesMap_50a06f48-9e97-4150-9def-6d74ebfc2a97
10/Oct/2015 15:11:03,587- TriplesMapPlanGenerator: No worker plan for http://isi.edu/integration/karma/dev#TriplesMap_50a06f48-9e97-4150-9def-6d74ebfc2a97
10/Oct/2015 15:11:03,587- TriplesMapPlanGenerator: No worker plan for http://isi.edu/integration/karma/dev#TriplesMap_50a06f48-9e97-4150-9def-6d74ebfc2a97
10/Oct/2015 15:11:03,589- TriplesMapPlanGenerator: No worker plan for http://isi.edu/integration/karma/dev#TriplesMap_50a06f48-9e97-4150-9def-6d74ebfc2a97
10/Oct/2015 15:11:03,589- TriplesMapPlanGenerator: No worker plan for http://isi.edu/integration/karma/dev#TriplesMap_50a06f48-9e97-4150-9def-6d74ebfc2a97
10/Oct/2015 15:11:03,590- TriplesMapPlanGenerator: No worker plan for http://isi.edu/integration/karma/dev#TriplesMap_50a06f48-9e97-4150-9def-6d74ebfc2a97
10/Oct/2015 15:11:03,590- TriplesMapPlanGenerator: No worker plan for http://isi.edu/integration/karma/dev#TriplesMap_50a06f48-9e97-4150-9def-6d74ebfc2a97
10/Oct/2015 15:11:03,591- TriplesMapPlanGenerator: No worker plan for http://isi.edu/integration/karma/dev#TriplesMap_50a06f48-9e97-4150-9def-6d74ebfc2a97
10/Oct/2015 15:11:03,592- TriplesMapPlanGenerator: No worker plan for http://isi.edu/integration/karma/dev#TriplesMap_50a06f48-9e97-4150-9def-6d74ebfc2a97
10/Oct/2015 15:11:03,593- TriplesMapPlanGenerator: No worker plan for http://isi.edu/integration/karma/dev#TriplesMap_50a06f48-9e97-4150-9def-6d74ebfc2a97
10/Oct/2015 15:11:03,593- TriplesMapPlanGenerator: No worker plan for http://isi.edu/integration/karma/dev#TriplesMap_50a06f48-9e97-4150-9def-6d74ebfc2a97
10/Oct/2015 15:11:03,594- TriplesMapPlanGenerator: No worker plan for http://isi.edu/integration/karma/dev#TriplesMap_50a06f48-9e97-4150-9def-6d74ebfc2a97
10/Oct/2015 15:11:03,595- TriplesMapPlanGenerator: No worker plan for http://isi.edu/integration/karma/dev#TriplesMap_50a06f48-9e97-4150-9def-6d74ebfc2a97
10/Oct/2015 15:11:03,596- TriplesMapPlanGenerator: No worker plan for http://isi.edu/integration/karma/dev#TriplesMap_50a06f48-9e97-4150-9def-6d74ebfc2a97
10/Oct/2015 15:11:03,596- TriplesMapPlanGenerator: No worker plan for http://isi.edu/integration/karma/dev#TriplesMap_50a06f48-9e97-4150-9def-6d74ebfc2a97
10/Oct/2015 15:11:03,597- TriplesMapPlanGenerator: No worker plan for http://isi.edu/integration/karma/dev#TriplesMap_50a06f48-9e97-4150-9def-6d74ebfc2a97
10/Oct/2015 15:11:03,598- TriplesMapPlanGenerator: No worker plan for http://isi.edu/integration/karma/dev#TriplesMap_50a06f48-9e97-4150-9def-6d74ebfc2a97
10/Oct/2015 15:11:03,600- TriplesMapPlanGenerator: No worker plan for http://isi.edu/integration/karma/dev#TriplesMap_50a06f48-9e97-4150-9def-6d74ebfc2a97
10/Oct/2015 15:11:03,600- TriplesMapPlanGenerator: No worker plan for http://isi.edu/integration/karma/dev#TriplesMap_50a06f48-9e97-4150-9def-6d74ebfc2a97
10/Oct/2015 15:11:03,601- TriplesMapPlanGenerator: No worker plan for http://isi.edu/integration/karma/dev#TriplesMap_50a06f48-9e97-4150-9def-6d74ebfc2a97
10/Oct/2015 15:11:03,601- TriplesMapPlanGenerator: No worker plan for http://isi.edu/integration/karma/dev#TriplesMap_50a06f48-9e97-4150-9def-6d74ebfc2a97
10/Oct/2015 15:11:03,603- TriplesMapPlanGenerator: No worker plan for http://isi.edu/integration/karma/dev#TriplesMap_50a06f48-9e97-4150-9def-6d74ebfc2a97
10/Oct/2015 15:11:03,603- TriplesMapPlanGenerator: No worker plan for http://isi.edu/integration/karma/dev#TriplesMap_50a06f48-9e97-4150-9def-6d74ebfc2a97
10/Oct/2015 15:11:03,604- TriplesMapPlanGenerator: No worker plan for http://isi.edu/integration/karma/dev#TriplesMap_50a06f48-9e97-4150-9def-6d74ebfc2a97
10/Oct/2015 15:11:03,604- TriplesMapPlanGenerator: No worker plan for http://isi.edu/integration/karma/dev#TriplesMap_50a06f48-9e97-4150-9def-6d74ebfc2a97
10/Oct/2015 15:11:03,606- TriplesMapPlanGenerator: No worker plan for http://isi.edu/integration/karma/dev#TriplesMap_50a06f48-9e97-4150-9def-6d74ebfc2a97
10/Oct/2015 15:11:03,606- TriplesMapPlanGenerator: No worker plan for http://isi.edu/integration/karma/dev#TriplesMap_50a06f48-9e97-4150-9def-6d74ebfc2a97
10/Oct/2015 15:11:03,607- TriplesMapPlanGenerator: No worker plan for http://isi.edu/integration/karma/dev#TriplesMap_50a06f48-9e97-4150-9def-6d74ebfc2a97
10/Oct/2015 15:11:03,607- TriplesMapPlanGenerator: No worker plan for http://isi.edu/integration/karma/dev#TriplesMap_50a06f48-9e97-4150-9def-6d74ebfc2a97
10/Oct/2015 15:11:03,608- TriplesMapPlanGenerator: No worker plan for http://isi.edu/integration/karma/dev#TriplesMap_50a06f48-9e97-4150-9def-6d74ebfc2a97
10/Oct/2015 15:11:03,609- TriplesMapPlanGenerator: No worker plan for http://isi.edu/integration/karma/dev#TriplesMap_50a06f48-9e97-4150-9def-6d74ebfc2a97
10/Oct/2015 15:11:03,610- TriplesMapPlanGenerator: No worker plan for http://isi.edu/integration/karma/dev#TriplesMap_50a06f48-9e97-4150-9def-6d74ebfc2a97
10/Oct/2015 15:11:03,610- TriplesMapPlanGenerator: No worker plan for http://isi.edu/integration/karma/dev#TriplesMap_50a06f48-9e97-4150-9def-6d74ebfc2a97
10/Oct/2015 15:11:03,611- TriplesMapPlanGenerator: No worker plan for http://isi.edu/integration/karma/dev#TriplesMap_50a06f48-9e97-4150-9def-6d74ebfc2a97
10/Oct/2015 15:11:03,611- TriplesMapPlanGenerator: No worker plan for http://isi.edu/integration/karma/dev#TriplesMap_50a06f48-9e97-4150-9def-6d74ebfc2a97
10/Oct/2015 15:11:03,612- TriplesMapPlanGenerator: No worker plan for http://isi.edu/integration/karma/dev#TriplesMap_50a06f48-9e97-4150-9def-6d74ebfc2a97
10/Oct/2015 15:11:03,613- TriplesMapPlanGenerator: No worker plan for http://isi.edu/integration/karma/dev#TriplesMap_50a06f48-9e97-4150-9def-6d74ebfc2a97
10/Oct/2015 15:11:03,614- TriplesMapPlanGenerator: No worker plan for http://isi.edu/integration/karma/dev#TriplesMap_50a06f48-9e97-4150-9def-6d74ebfc2a97
10/Oct/2015 15:11:03,614- TriplesMapPlanGenerator: No worker plan for http://isi.edu/integration/karma/dev#TriplesMap_50a06f48-9e97-4150-9def-6d74ebfc2a97
10/Oct/2015 15:11:03,616- TriplesMapPlanGenerator: No worker plan for http://isi.edu/integration/karma/dev#TriplesMap_50a06f48-9e97-4150-9def-6d74ebfc2a97
10/Oct/2015 15:11:03,616- TriplesMapPlanGenerator: No worker plan for http://isi.edu/integration/karma/dev#TriplesMap_50a06f48-9e97-4150-9def-6d74ebfc2a97
10/Oct/2015 15:11:03,617- TriplesMapPlanGenerator: No worker plan for http://isi.edu/integration/karma/dev#TriplesMap_50a06f48-9e97-4150-9def-6d74ebfc2a97
10/Oct/2015 15:11:03,617- TriplesMapPlanGenerator: No worker plan for http://isi.edu/integration/karma/dev#TriplesMap_50a06f48-9e97-4150-9def-6d74ebfc2a97
10/Oct/2015 15:11:03,619- TriplesMapPlanGenerator: No worker plan for http://isi.edu/integration/karma/dev#TriplesMap_50a06f48-9e97-4150-9def-6d74ebfc2a97
10/Oct/2015 15:11:03,620- TriplesMapPlanGenerator: No worker plan for http://isi.edu/integration/karma/dev#TriplesMap_50a06f48-9e97-4150-9def-6d74ebfc2a97
10/Oct/2015 15:11:03,621- TriplesMapPlanGenerator: No worker plan for http://isi.edu/integration/karma/dev#TriplesMap_50a06f48-9e97-4150-9def-6d74ebfc2a97
10/Oct/2015 15:11:03,622- TriplesMapPlanGenerator: No worker plan for http://isi.edu/integration/karma/dev#TriplesMap_50a06f48-9e97-4150-9def-6d74ebfc2a97
10/Oct/2015 15:11:03,624- TriplesMapPlanGenerator: No worker plan for http://isi.edu/integration/karma/dev#TriplesMap_50a06f48-9e97-4150-9def-6d74ebfc2a97
10/Oct/2015 15:11:03,624- TriplesMapPlanGenerator: No worker plan for http://isi.edu/integration/karma/dev#TriplesMap_50a06f48-9e97-4150-9def-6d74ebfc2a97
10/Oct/2015 15:11:03,625- TriplesMapPlanGenerator: No worker plan for http://isi.edu/integration/karma/dev#TriplesMap_50a06f48-9e97-4150-9def-6d74ebfc2a97
10/Oct/2015 15:11:03,626- TriplesMapPlanGenerator: No worker plan for http://isi.edu/integration/karma/dev#TriplesMap_50a06f48-9e97-4150-9def-6d74ebfc2a97
10/Oct/2015 15:11:03,627- TriplesMapPlanGenerator: No worker plan for http://isi.edu/integration/karma/dev#TriplesMap_50a06f48-9e97-4150-9def-6d74ebfc2a97
10/Oct/2015 15:11:03,627- TriplesMapPlanGenerator: No worker plan for http://isi.edu/integration/karma/dev#TriplesMap_50a06f48-9e97-4150-9def-6d74ebfc2a97
10/Oct/2015 15:11:03,628- TriplesMapPlanGenerator: No worker plan for http://isi.edu/integration/karma/dev#TriplesMap_50a06f48-9e97-4150-9def-6d74ebfc2a97
10/Oct/2015 15:11:03,628- TriplesMapPlanGenerator: No worker plan for http://isi.edu/integration/karma/dev#TriplesMap_50a06f48-9e97-4150-9def-6d74ebfc2a97
10/Oct/2015 15:11:03,630- TriplesMapPlanGenerator: No worker plan for http://isi.edu/integration/karma/dev#TriplesMap_50a06f48-9e97-4150-9def-6d74ebfc2a97
10/Oct/2015 15:11:03,630- TriplesMapPlanGenerator: No worker plan for http://isi.edu/integration/karma/dev#TriplesMap_50a06f48-9e97-4150-9def-6d74ebfc2a97
10/Oct/2015 15:11:03,631- TriplesMapPlanGenerator: No worker plan for http://isi.edu/integration/karma/dev#TriplesMap_50a06f48-9e97-4150-9def-6d74ebfc2a97
10/Oct/2015 15:11:03,631- TriplesMapPlanGenerator: No worker plan for http://isi.edu/integration/karma/dev#TriplesMap_50a06f48-9e97-4150-9def-6d74ebfc2a97
10/Oct/2015 15:11:03,640- VIVOSync: Reading Karma generated RDF into Jena model.
10/Oct/2015 15:11:03,743- VIVOSPARQLClient: ADDing triples: 385
10/Oct/2015 15:11:03,753- VIVOSPARQLClient: model size:385
10/Oct/2015 15:11:03,802- VIVOSPARQLClient: Connecting to SPARQL update API at: http://localhost:8080/vivo/api/sparqlUpdate
10/Oct/2015 15:11:52,448- VIVOSync: Triples synced for: orgs
10/Oct/2015 15:12:15,576- ServletContextParameterMap: Karma home: /home/ted/karma/
10/Oct/2015 15:12:15,579- KarmaUserMetadata: Set parameter: USER_PREFERENCES_DIRECTORY -> /home/ted/karma/user-preferences/
10/Oct/2015 15:12:15,580- KarmaUserMetadata: Set parameter: USER_CONFIG_DIRECTORY -> /home/ted/karma/config/
10/Oct/2015 15:12:15,580- KarmaUserMetadata: Set parameter: USER_PYTHON_SCRIPTS_DIRECTORY -> /home/ted/karma/python/
10/Oct/2015 15:12:19,941- ModelingConfiguration: Load modeling.properties: /home/ted/karma/config/modeling.properties:true
10/Oct/2015 15:12:19,941- ModelingConfiguration: Done Loading modeling.properties
10/Oct/2015 15:12:20,468- VIVOSync: Processing: people with debug set to false
10/Oct/2015 15:12:20,482- ServletContextParameterMap: Karma home: /home/ted/karma/
10/Oct/2015 15:12:21,066- Reflections: Reflections took 479 ms to scan 1 urls, producing 102 keys and 768 values 
10/Oct/2015 15:12:21,122- ExecutionController: Loaded 98 possible commands
10/Oct/2015 15:12:21,342- UIConfiguration: UICOnfiguration:/home/ted/karma/config/
10/Oct/2015 15:12:21,342- UIConfiguration: Load File:/home/ted/karma/config//ui.properties
10/Oct/2015 15:12:21,343- UIConfiguration: UICOnfiguration:/home/ted/karma/config/
10/Oct/2015 15:12:21,343- UIConfiguration: Load File:/home/ted/karma/config//ui.properties
10/Oct/2015 15:12:21,545- VIVOSync: Reading Karma generated RDF into Jena model.
10/Oct/2015 15:12:21,945- VIVOSPARQLClient: Add and subtract graphs are empty. No changes made to http://localhost/converis/people.
10/Oct/2015 15:12:21,946- VIVOSync: Triples synced for: people
10/Oct/2015 15:12:21,946- VIVOSync: Processing: orgs with debug set to false
10/Oct/2015 15:12:21,946- ServletContextParameterMap: Karma home: /home/ted/karma/
10/Oct/2015 15:12:22,067- KR2RMLWorksheetRDFGenerator: unable to generate working plan for http://isi.edu/integration/karma/dev#TriplesMap_50a06f48-9e97-4150-9def-6d74ebfc2a97
10/Oct/2015 15:12:22,068- TriplesMapPlanGenerator: No worker plan for http://isi.edu/integration/karma/dev#TriplesMap_50a06f48-9e97-4150-9def-6d74ebfc2a97
10/Oct/2015 15:12:22,068- TriplesMapPlanGenerator: No worker plan for http://isi.edu/integration/karma/dev#TriplesMap_50a06f48-9e97-4150-9def-6d74ebfc2a97
10/Oct/2015 15:12:22,069- TriplesMapPlanGenerator: No worker plan for http://isi.edu/integration/karma/dev#TriplesMap_50a06f48-9e97-4150-9def-6d74ebfc2a97
10/Oct/2015 15:12:22,069- TriplesMapPlanGenerator: No worker plan for http://isi.edu/integration/karma/dev#TriplesMap_50a06f48-9e97-4150-9def-6d74ebfc2a97
10/Oct/2015 15:12:22,070- TriplesMapPlanGenerator: No worker plan for http://isi.edu/integration/karma/dev#TriplesMap_50a06f48-9e97-4150-9def-6d74ebfc2a97
10/Oct/2015 15:12:22,070- TriplesMapPlanGenerator: No worker plan for http://isi.edu/integration/karma/dev#TriplesMap_50a06f48-9e97-4150-9def-6d74ebfc2a97
10/Oct/2015 15:12:22,071- TriplesMapPlanGenerator: No worker plan for http://isi.edu/integration/karma/dev#TriplesMap_50a06f48-9e97-4150-9def-6d74ebfc2a97
10/Oct/2015 15:12:22,072- TriplesMapPlanGenerator: No worker plan for http://isi.edu/integration/karma/dev#TriplesMap_50a06f48-9e97-4150-9def-6d74ebfc2a97
10/Oct/2015 15:12:22,073- TriplesMapPlanGenerator: No worker plan for http://isi.edu/integration/karma/dev#TriplesMap_50a06f48-9e97-4150-9def-6d74ebfc2a97
10/Oct/2015 15:12:22,073- TriplesMapPlanGenerator: No worker plan for http://isi.edu/integration/karma/dev#TriplesMap_50a06f48-9e97-4150-9def-6d74ebfc2a97
10/Oct/2015 15:12:22,074- TriplesMapPlanGenerator: No worker plan for http://isi.edu/integration/karma/dev#TriplesMap_50a06f48-9e97-4150-9def-6d74ebfc2a97
10/Oct/2015 15:12:22,074- TriplesMapPlanGenerator: No worker plan for http://isi.edu/integration/karma/dev#TriplesMap_50a06f48-9e97-4150-9def-6d74ebfc2a97
10/Oct/2015 15:12:22,075- TriplesMapPlanGenerator: No worker plan for http://isi.edu/integration/karma/dev#TriplesMap_50a06f48-9e97-4150-9def-6d74ebfc2a97
10/Oct/2015 15:12:22,075- TriplesMapPlanGenerator: No worker plan for http://isi.edu/integration/karma/dev#TriplesMap_50a06f48-9e97-4150-9def-6d74ebfc2a97
10/Oct/2015 15:12:22,076- TriplesMapPlanGenerator: No worker plan for http://isi.edu/integration/karma/dev#TriplesMap_50a06f48-9e97-4150-9def-6d74ebfc2a97
10/Oct/2015 15:12:22,076- TriplesMapPlanGenerator: No worker plan for http://isi.edu/integration/karma/dev#TriplesMap_50a06f48-9e97-4150-9def-6d74ebfc2a97
10/Oct/2015 15:12:22,077- TriplesMapPlanGenerator: No worker plan for http://isi.edu/integration/karma/dev#TriplesMap_50a06f48-9e97-4150-9def-6d74ebfc2a97
10/Oct/2015 15:12:22,077- TriplesMapPlanGenerator: No worker plan for http://isi.edu/integration/karma/dev#TriplesMap_50a06f48-9e97-4150-9def-6d74ebfc2a97
10/Oct/2015 15:12:22,078- TriplesMapPlanGenerator: No worker plan for http://isi.edu/integration/karma/dev#TriplesMap_50a06f48-9e97-4150-9def-6d74ebfc2a97
10/Oct/2015 15:12:22,078- TriplesMapPlanGenerator: No worker plan for http://isi.edu/integration/karma/dev#TriplesMap_50a06f48-9e97-4150-9def-6d74ebfc2a97
10/Oct/2015 15:12:22,080- TriplesMapPlanGenerator: No worker plan for http://isi.edu/integration/karma/dev#TriplesMap_50a06f48-9e97-4150-9def-6d74ebfc2a97
10/Oct/2015 15:12:22,080- TriplesMapPlanGenerator: No worker plan for http://isi.edu/integration/karma/dev#TriplesMap_50a06f48-9e97-4150-9def-6d74ebfc2a97
10/Oct/2015 15:12:22,082- TriplesMapPlanGenerator: No worker plan for http://isi.edu/integration/karma/dev#TriplesMap_50a06f48-9e97-4150-9def-6d74ebfc2a97
10/Oct/2015 15:12:22,082- TriplesMapPlanGenerator: No worker plan for http://isi.edu/integration/karma/dev#TriplesMap_50a06f48-9e97-4150-9def-6d74ebfc2a97
10/Oct/2015 15:12:22,084- TriplesMapPlanGenerator: No worker plan for http://isi.edu/integration/karma/dev#TriplesMap_50a06f48-9e97-4150-9def-6d74ebfc2a97
10/Oct/2015 15:12:22,084- TriplesMapPlanGenerator: No worker plan for http://isi.edu/integration/karma/dev#TriplesMap_50a06f48-9e97-4150-9def-6d74ebfc2a97
10/Oct/2015 15:12:22,086- TriplesMapPlanGenerator: No worker plan for http://isi.edu/integration/karma/dev#TriplesMap_50a06f48-9e97-4150-9def-6d74ebfc2a97
10/Oct/2015 15:12:22,086- TriplesMapPlanGenerator: No worker plan for http://isi.edu/integration/karma/dev#TriplesMap_50a06f48-9e97-4150-9def-6d74ebfc2a97
10/Oct/2015 15:12:22,088- TriplesMapPlanGenerator: No worker plan for http://isi.edu/integration/karma/dev#TriplesMap_50a06f48-9e97-4150-9def-6d74ebfc2a97
10/Oct/2015 15:12:22,088- TriplesMapPlanGenerator: No worker plan for http://isi.edu/integration/karma/dev#TriplesMap_50a06f48-9e97-4150-9def-6d74ebfc2a97
10/Oct/2015 15:12:22,089- TriplesMapPlanGenerator: No worker plan for http://isi.edu/integration/karma/dev#TriplesMap_50a06f48-9e97-4150-9def-6d74ebfc2a97
10/Oct/2015 15:12:22,089- TriplesMapPlanGenerator: No worker plan for http://isi.edu/integration/karma/dev#TriplesMap_50a06f48-9e97-4150-9def-6d74ebfc2a97
10/Oct/2015 15:12:22,090- TriplesMapPlanGenerator: No worker plan for http://isi.edu/integration/karma/dev#TriplesMap_50a06f48-9e97-4150-9def-6d74ebfc2a97
10/Oct/2015 15:12:22,090- TriplesMapPlanGenerator: No worker plan for http://isi.edu/integration/karma/dev#TriplesMap_50a06f48-9e97-4150-9def-6d74ebfc2a97
10/Oct/2015 15:12:22,092- TriplesMapPlanGenerator: No worker plan for http://isi.edu/integration/karma/dev#TriplesMap_50a06f48-9e97-4150-9def-6d74ebfc2a97
10/Oct/2015 15:12:22,092- TriplesMapPlanGenerator: No worker plan for http://isi.edu/integration/karma/dev#TriplesMap_50a06f48-9e97-4150-9def-6d74ebfc2a97
10/Oct/2015 15:12:22,093- TriplesMapPlanGenerator: No worker plan for http://isi.edu/integration/karma/dev#TriplesMap_50a06f48-9e97-4150-9def-6d74ebfc2a97
10/Oct/2015 15:12:22,093- TriplesMapPlanGenerator: No worker plan for http://isi.edu/integration/karma/dev#TriplesMap_50a06f48-9e97-4150-9def-6d74ebfc2a97
10/Oct/2015 15:12:22,094- TriplesMapPlanGenerator: No worker plan for http://isi.edu/integration/karma/dev#TriplesMap_50a06f48-9e97-4150-9def-6d74ebfc2a97
10/Oct/2015 15:12:22,095- TriplesMapPlanGenerator: No worker plan for http://isi.edu/integration/karma/dev#TriplesMap_50a06f48-9e97-4150-9def-6d74ebfc2a97
10/Oct/2015 15:12:22,096- TriplesMapPlanGenerator: No worker plan for http://isi.edu/integration/karma/dev#TriplesMap_50a06f48-9e97-4150-9def-6d74ebfc2a97
10/Oct/2015 15:12:22,096- TriplesMapPlanGenerator: No worker plan for http://isi.edu/integration/karma/dev#TriplesMap_50a06f48-9e97-4150-9def-6d74ebfc2a97
10/Oct/2015 15:12:22,097- TriplesMapPlanGenerator: No worker plan for http://isi.edu/integration/karma/dev#TriplesMap_50a06f48-9e97-4150-9def-6d74ebfc2a97
10/Oct/2015 15:12:22,097- TriplesMapPlanGenerator: No worker plan for http://isi.edu/integration/karma/dev#TriplesMap_50a06f48-9e97-4150-9def-6d74ebfc2a97
10/Oct/2015 15:12:22,101- TriplesMapPlanGenerator: No worker plan for http://isi.edu/integration/karma/dev#TriplesMap_50a06f48-9e97-4150-9def-6d74ebfc2a97
10/Oct/2015 15:12:22,102- TriplesMapPlanGenerator: No worker plan for http://isi.edu/integration/karma/dev#TriplesMap_50a06f48-9e97-4150-9def-6d74ebfc2a97
10/Oct/2015 15:12:22,104- TriplesMapPlanGenerator: No worker plan for http://isi.edu/integration/karma/dev#TriplesMap_50a06f48-9e97-4150-9def-6d74ebfc2a97
10/Oct/2015 15:12:22,105- TriplesMapPlanGenerator: No worker plan for http://isi.edu/integration/karma/dev#TriplesMap_50a06f48-9e97-4150-9def-6d74ebfc2a97
10/Oct/2015 15:12:22,106- TriplesMapPlanGenerator: No worker plan for http://isi.edu/integration/karma/dev#TriplesMap_50a06f48-9e97-4150-9def-6d74ebfc2a97
10/Oct/2015 15:12:22,106- TriplesMapPlanGenerator: No worker plan for http://isi.edu/integration/karma/dev#TriplesMap_50a06f48-9e97-4150-9def-6d74ebfc2a97
10/Oct/2015 15:12:22,108- TriplesMapPlanGenerator: No worker plan for http://isi.edu/integration/karma/dev#TriplesMap_50a06f48-9e97-4150-9def-6d74ebfc2a97
10/Oct/2015 15:12:22,108- TriplesMapPlanGenerator: No worker plan for http://isi.edu/integration/karma/dev#TriplesMap_50a06f48-9e97-4150-9def-6d74ebfc2a97
10/Oct/2015 15:12:22,109- TriplesMapPlanGenerator: No worker plan for http://isi.edu/integration/karma/dev#TriplesMap_50a06f48-9e97-4150-9def-6d74ebfc2a97
10/Oct/2015 15:12:22,109- TriplesMapPlanGenerator: No worker plan for http://isi.edu/integration/karma/dev#TriplesMap_50a06f48-9e97-4150-9def-6d74ebfc2a97
10/Oct/2015 15:12:22,110- TriplesMapPlanGenerator: No worker plan for http://isi.edu/integration/karma/dev#TriplesMap_50a06f48-9e97-4150-9def-6d74ebfc2a97
10/Oct/2015 15:12:22,111- TriplesMapPlanGenerator: No worker plan for http://isi.edu/integration/karma/dev#TriplesMap_50a06f48-9e97-4150-9def-6d74ebfc2a97
10/Oct/2015 15:12:22,112- TriplesMapPlanGenerator: No worker plan for http://isi.edu/integration/karma/dev#TriplesMap_50a06f48-9e97-4150-9def-6d74ebfc2a97
10/Oct/2015 15:12:22,112- TriplesMapPlanGenerator: No worker plan for http://isi.edu/integration/karma/dev#TriplesMap_50a06f48-9e97-4150-9def-6d74ebfc2a97
10/Oct/2015 15:12:22,113- TriplesMapPlanGenerator: No worker plan for http://isi.edu/integration/karma/dev#TriplesMap_50a06f48-9e97-4150-9def-6d74ebfc2a97
10/Oct/2015 15:12:22,114- TriplesMapPlanGenerator: No worker plan for http://isi.edu/integration/karma/dev#TriplesMap_50a06f48-9e97-4150-9def-6d74ebfc2a97
10/Oct/2015 15:12:22,115- TriplesMapPlanGenerator: No worker plan for http://isi.edu/integration/karma/dev#TriplesMap_50a06f48-9e97-4150-9def-6d74ebfc2a97
10/Oct/2015 15:12:22,115- TriplesMapPlanGenerator: No worker plan for http://isi.edu/integration/karma/dev#TriplesMap_50a06f48-9e97-4150-9def-6d74ebfc2a97
10/Oct/2015 15:12:22,117- TriplesMapPlanGenerator: No worker plan for http://isi.edu/integration/karma/dev#TriplesMap_50a06f48-9e97-4150-9def-6d74ebfc2a97
10/Oct/2015 15:12:22,117- TriplesMapPlanGenerator: No worker plan for http://isi.edu/integration/karma/dev#TriplesMap_50a06f48-9e97-4150-9def-6d74ebfc2a97
10/Oct/2015 15:12:22,118- TriplesMapPlanGenerator: No worker plan for http://isi.edu/integration/karma/dev#TriplesMap_50a06f48-9e97-4150-9def-6d74ebfc2a97
10/Oct/2015 15:12:22,118- TriplesMapPlanGenerator: No worker plan for http://isi.edu/integration/karma/dev#TriplesMap_50a06f48-9e97-4150-9def-6d74ebfc2a97
10/Oct/2015 15:12:22,120- TriplesMapPlanGenerator: No worker plan for http://isi.edu/integration/karma/dev#TriplesMap_50a06f48-9e97-4150-9def-6d74ebfc2a97
10/Oct/2015 15:12:22,121- TriplesMapPlanGenerator: No worker plan for http://isi.edu/integration/karma/dev#TriplesMap_50a06f48-9e97-4150-9def-6d74ebfc2a97
10/Oct/2015 15:12:22,122- TriplesMapPlanGenerator: No worker plan for http://isi.edu/integration/karma/dev#TriplesMap_50a06f48-9e97-4150-9def-6d74ebfc2a97
10/Oct/2015 15:12:22,123- TriplesMapPlanGenerator: No worker plan for http://isi.edu/integration/karma/dev#TriplesMap_50a06f48-9e97-4150-9def-6d74ebfc2a97
10/Oct/2015 15:12:22,125- TriplesMapPlanGenerator: No worker plan for http://isi.edu/integration/karma/dev#TriplesMap_50a06f48-9e97-4150-9def-6d74ebfc2a97
10/Oct/2015 15:12:22,126- TriplesMapPlanGenerator: No worker plan for http://isi.edu/integration/karma/dev#TriplesMap_50a06f48-9e97-4150-9def-6d74ebfc2a97
10/Oct/2015 15:12:22,127- TriplesMapPlanGenerator: No worker plan for http://isi.edu/integration/karma/dev#TriplesMap_50a06f48-9e97-4150-9def-6d74ebfc2a97
10/Oct/2015 15:12:22,127- TriplesMapPlanGenerator: No worker plan for http://isi.edu/integration/karma/dev#TriplesMap_50a06f48-9e97-4150-9def-6d74ebfc2a97
10/Oct/2015 15:12:22,128- TriplesMapPlanGenerator: No worker plan for http://isi.edu/integration/karma/dev#TriplesMap_50a06f48-9e97-4150-9def-6d74ebfc2a97
10/Oct/2015 15:12:22,129- TriplesMapPlanGenerator: No worker plan for http://isi.edu/integration/karma/dev#TriplesMap_50a06f48-9e97-4150-9def-6d74ebfc2a97
10/Oct/2015 15:12:22,130- TriplesMapPlanGenerator: No worker plan for http://isi.edu/integration/karma/dev#TriplesMap_50a06f48-9e97-4150-9def-6d74ebfc2a97
10/Oct/2015 15:12:22,130- TriplesMapPlanGenerator: No worker plan for http://isi.edu/integration/karma/dev#TriplesMap_50a06f48-9e97-4150-9def-6d74ebfc2a97
10/Oct/2015 15:12:22,131- TriplesMapPlanGenerator: No worker plan for http://isi.edu/integration/karma/dev#TriplesMap_50a06f48-9e97-4150-9def-6d74ebfc2a97
10/Oct/2015 15:12:22,132- TriplesMapPlanGenerator: No worker plan for http://isi.edu/integration/karma/dev#TriplesMap_50a06f48-9e97-4150-9def-6d74ebfc2a97
10/Oct/2015 15:12:22,133- TriplesMapPlanGenerator: No worker plan for http://isi.edu/integration/karma/dev#TriplesMap_50a06f48-9e97-4150-9def-6d74ebfc2a97
10/Oct/2015 15:12:22,133- TriplesMapPlanGenerator: No worker plan for http://isi.edu/integration/karma/dev#TriplesMap_50a06f48-9e97-4150-9def-6d74ebfc2a97
10/Oct/2015 15:12:22,134- TriplesMapPlanGenerator: No worker plan for http://isi.edu/integration/karma/dev#TriplesMap_50a06f48-9e97-4150-9def-6d74ebfc2a97
10/Oct/2015 15:12:22,134- TriplesMapPlanGenerator: No worker plan for http://isi.edu/integration/karma/dev#TriplesMap_50a06f48-9e97-4150-9def-6d74ebfc2a97
10/Oct/2015 15:12:22,136- TriplesMapPlanGenerator: No worker plan for http://isi.edu/integration/karma/dev#TriplesMap_50a06f48-9e97-4150-9def-6d74ebfc2a97
10/Oct/2015 15:12:22,136- TriplesMapPlanGenerator: No worker plan for http://isi.edu/integration/karma/dev#TriplesMap_50a06f48-9e97-4150-9def-6d74ebfc2a97
10/Oct/2015 15:12:22,137- TriplesMapPlanGenerator: No worker plan for http://isi.edu/integration/karma/dev#TriplesMap_50a06f48-9e97-4150-9def-6d74ebfc2a97
10/Oct/2015 15:12:22,137- TriplesMapPlanGenerator: No worker plan for http://isi.edu/integration/karma/dev#TriplesMap_50a06f48-9e97-4150-9def-6d74ebfc2a97
10/Oct/2015 15:12:22,141- TriplesMapPlanGenerator: No worker plan for http://isi.edu/integration/karma/dev#TriplesMap_50a06f48-9e97-4150-9def-6d74ebfc2a97
10/Oct/2015 15:12:22,142- TriplesMapPlanGenerator: No worker plan for http://isi.edu/integration/karma/dev#TriplesMap_50a06f48-9e97-4150-9def-6d74ebfc2a97
10/Oct/2015 15:12:22,144- TriplesMapPlanGenerator: No worker plan for http://isi.edu/integration/karma/dev#TriplesMap_50a06f48-9e97-4150-9def-6d74ebfc2a97
10/Oct/2015 15:12:22,144- TriplesMapPlanGenerator: No worker plan for http://isi.edu/integration/karma/dev#TriplesMap_50a06f48-9e97-4150-9def-6d74ebfc2a97
10/Oct/2015 15:12:22,146- TriplesMapPlanGenerator: No worker plan for http://isi.edu/integration/karma/dev#TriplesMap_50a06f48-9e97-4150-9def-6d74ebfc2a97
10/Oct/2015 15:12:22,146- TriplesMapPlanGenerator: No worker plan for http://isi.edu/integration/karma/dev#TriplesMap_50a06f48-9e97-4150-9def-6d74ebfc2a97
10/Oct/2015 15:12:22,147- TriplesMapPlanGenerator: No worker plan for http://isi.edu/integration/karma/dev#TriplesMap_50a06f48-9e97-4150-9def-6d74ebfc2a97
10/Oct/2015 15:12:22,148- TriplesMapPlanGenerator: No worker plan for http://isi.edu/integration/karma/dev#TriplesMap_50a06f48-9e97-4150-9def-6d74ebfc2a97
10/Oct/2015 15:12:22,149- TriplesMapPlanGenerator: No worker plan for http://isi.edu/integration/karma/dev#TriplesMap_50a06f48-9e97-4150-9def-6d74ebfc2a97
10/Oct/2015 15:12:22,149- TriplesMapPlanGenerator: No worker plan for http://isi.edu/integration/karma/dev#TriplesMap_50a06f48-9e97-4150-9def-6d74ebfc2a97
10/Oct/2015 15:12:22,150- VIVOSync: Reading Karma generated RDF into Jena model.
10/Oct/2015 15:12:22,268- VIVOSPARQLClient: Add and subtract graphs are empty. No changes made to http://localhost/converis/orgref.
10/Oct/2015 15:12:22,268- VIVOSync: Triples synced for: orgs
